2017-09-14 19:20:01 INFO  Webeventlistners:126 - Found Element By : By.xpath: .//input[@id='login_input_username']
2017-09-14 19:20:01 INFO  Webeventlistners:130 - Found Element By : By.xpath: .//input[@id='login_input_username']
2017-09-14 19:20:01 INFO  Webeventlistners:126 - Found Element By : By.xpath: //input[@id='login_input_password']
2017-09-14 19:20:01 INFO  Webeventlistners:130 - Found Element By : By.xpath: //input[@id='login_input_password']
2017-09-14 19:20:11 INFO  Webeventlistners:126 - Found Element By : By.xpath: //input[@type='submit']
2017-09-14 19:20:11 INFO  Webeventlistners:130 - Found Element By : By.xpath: //input[@type='submit']
2017-09-14 19:20:11 INFO  Webeventlistners:126 - Trying to click on: [[ChromeDriver: chrome on XP (b0e1900e69eb88049bdc9fba2b9d007b)] -> xpath: //input[@type='submit']]
2017-09-14 19:20:11 INFO  Webeventlistners:130 - Trying to click on: [[ChromeDriver: chrome on XP (b0e1900e69eb88049bdc9fba2b9d007b)] -> xpath: //input[@type='submit']]
2017-09-14 19:20:13 INFO  Webeventlistners:126 - Clicked on: [[ChromeDriver: chrome on XP (b0e1900e69eb88049bdc9fba2b9d007b)] -> xpath: //input[@type='submit']]
2017-09-14 19:20:13 INFO  Webeventlistners:130 - Clicked on: [[ChromeDriver: chrome on XP (b0e1900e69eb88049bdc9fba2b9d007b)] -> xpath: //input[@type='submit']]
2017-09-14 19:32:08 INFO  Webeventlistners:126 - Found Element By : By.xpath: .//input[@id='login_input_username']
2017-09-14 19:32:08 INFO  Webeventlistners:126 - Found Element By : By.xpath: //input[@id='login_input_password']
2017-09-14 19:32:19 INFO  Webeventlistners:126 - Found Element By : By.xpath: //input[@type='submit']
2017-09-14 19:32:19 INFO  Webeventlistners:126 - Trying to click on: [[ChromeDriver: chrome on XP (ade140b0765ded9092ee4a1607bdccba)] -> xpath: //input[@type='submit']]
2017-09-14 19:32:20 INFO  Webeventlistners:126 - Clicked on: [[ChromeDriver: chrome on XP (ade140b0765ded9092ee4a1607bdccba)] -> xpath: //input[@type='submit']]
2017-09-14 20:20:47 INFO  Webeventlistners:144 - Found Element By : By.xpath: .//input[@id='login_input_username']
2017-09-14 20:20:47 INFO  Webeventlistners:144 - Found Element By : By.xpath: //input[@id='login_input_password']
2017-09-14 20:20:58 INFO  Webeventlistners:144 - Found Element By : By.xpath: //input[@type='submit']
2017-09-14 20:20:58 INFO  Webeventlistners:144 - Trying to click on: [[ChromeDriver: chrome on XP (b67b2e0aebdc0b445d7a7c6fd6f9aaeb)] -> xpath: //input[@type='submit']]
2017-09-14 20:20:59 INFO  Webeventlistners:144 - Clicked on: [[ChromeDriver: chrome on XP (b67b2e0aebdc0b445d7a7c6fd6f9aaeb)] -> xpath: //input[@type='submit']]
2017-09-14 20:22:35 INFO  Webeventlistners:144 - Found Element By : By.xpath: .//input[@id='login_input_username']
2017-09-14 20:22:36 INFO  Webeventlistners:144 - Found Element By : By.xpath: //input[@id='login_input_password']
2017-09-14 20:22:46 INFO  Webeventlistners:144 - Found Element By : By.xpath: //input[@type='submit']
2017-09-14 20:22:46 INFO  Webeventlistners:144 - Trying to click on: [[ChromeDriver: chrome on XP (96c87c39e563309809f7d80b8aaca183)] -> xpath: //input[@type='submit']]
2017-09-14 20:22:47 INFO  Webeventlistners:144 - Clicked on: [[ChromeDriver: chrome on XP (96c87c39e563309809f7d80b8aaca183)] -> xpath: //input[@type='submit']]
2017-09-15 10:35:53 INFO  Webeventlistners:144 - Found Element By : By.xpath: .//input[@id='login_input_username']
2017-09-15 10:35:53 INFO  Webeventlistners:144 - Found Element By : By.xpath: //input[@id='login_input_password']
2017-09-15 10:36:03 INFO  Webeventlistners:144 - Found Element By : By.xpath: //input[@type='submit']
2017-09-15 10:36:03 INFO  Webeventlistners:144 - Trying to click on: [[ChromeDriver: chrome on XP (86c5e0bd629f7ec13f94604fcd47712a)] -> xpath: //input[@type='submit']]
2017-09-15 10:36:05 INFO  Webeventlistners:144 - Clicked on: [[ChromeDriver: chrome on XP (86c5e0bd629f7ec13f94604fcd47712a)] -> xpath: //input[@type='submit']]
